This file contains any messages produced by compilers while
running configure, to aid debugging if configure makes a mistake.

It was created by s3fs configure 1.86, which was
generated by GNU Autoconf 2.69.  Invocation command line was

  $ ./configure --prefix=/usr --with-openssl

## --------- ##
## Platform. ##
## --------- ##

hostname = beatles
uname -m = x86_64
uname -r = 5.4.0-47-generic
uname -s = Linux
uname -v = #51-Ubuntu SMP Fri Sep 4 19:50:52 UTC 2020

/usr/bin/uname -p = x86_64
/bin/uname -X     = unknown

/bin/arch              = x86_64
/usr/bin/arch -k       = unknown
/usr/convex/getsysinfo = unknown
/usr/bin/hostinfo      = unknown
/bin/machine           = unknown
/usr/bin/oslevel       = unknown
/bin/universe          = unknown

PATH: /home/luan/.local/bin
PATH: /usr/local/sbin
PATH: /usr/local/bin
PATH: /usr/sbin
PATH: /usr/bin
PATH: /sbin
PATH: /bin
PATH: /usr/games
PATH: /usr/local/games
PATH: /snap/bin


## ----------- ##
## Core tests. ##
## ----------- ##

configure:2291: checking build system type
configure:2305: result: x86_64-pc-linux-gnu
configure:2325: checking host system type
configure:2338: result: x86_64-pc-linux-gnu
configure:2358: checking target system type
configure:2371: result: x86_64-pc-linux-gnu
configure:2414: checking for a BSD-compatible install
configure:2482: result: /usr/bin/install -c
configure:2493: checking whether build environment is sane
configure:2548: result: yes
configure:2697: checking for a thread-safe mkdir -p
configure:2736: result: /usr/bin/mkdir -p
configure:2743: checking for gawk
configure:2773: result: no
configure:2743: checking for mawk
configure:2759: found /usr/bin/mawk
configure:2770: result: mawk
configure:2781: checking whether make sets $(MAKE)
configure:2803: result: yes
configure:2832: checking whether make supports nested variables
configure:2849: result: yes
configure:3034: checking for g++
configure:3050: found /usr/bin/g++
configure:3061: result: g++
configure:3088: checking for C++ compiler version
configure:3097: g++ --version >&5
g++ (Ubuntu 9.3.0-10ubuntu2) 9.3.0
Copyright (C) 2019 Free Software Foundation, Inc.
This is free software; see the source for copying conditions.  There is NO
warranty; not even for MERCHANTABILITY or FITNESS FOR A PARTICULAR PURPOSE.

configure:3108: $? = 0
configure:3097: g++ -v >&5
Using built-in specs.
COLLECT_GCC=g++
COLLECT_LTO_WRAPPER=/usr/lib/gcc/x86_64-linux-gnu/9/lto-wrapper
OFFLOAD_TARGET_NAMES=nvptx-none:hsa
OFFLOAD_TARGET_DEFAULT=1
Target: x86_64-linux-gnu
Configured with: ../src/configure -v --with-pkgversion='Ubuntu 9.3.0-10ubuntu2' --with-bugurl=file:///usr/share/doc/gcc-9/README.Bugs --enable-languages=c,ada,c++,go,brig,d,fortran,objc,obj-c++,gm2 --prefix=/usr --with-gcc-major-version-only --program-suffix=-9 --program-prefix=x86_64-linux-gnu- --enable-shared --enable-linker-build-id --libexecdir=/usr/lib --without-included-gettext --enable-threads=posix --libdir=/usr/lib --enable-nls --enable-clocale=gnu --enable-libstdcxx-debug --enable-libstdcxx-time=yes --with-default-libstdcxx-abi=new --enable-gnu-unique-object --disable-vtable-verify --enable-plugin --enable-default-pie --with-system-zlib --with-target-system-zlib=auto --enable-objc-gc=auto --enable-multiarch --disable-werror --with-arch-32=i686 --with-abi=m64 --with-multilib-list=m32,m64,mx32 --enable-multilib --with-tune=generic --enable-offload-targets=nvptx-none,hsa --without-cuda-driver --enable-checking=release --build=x86_64-linux-gnu --host=x86_64-linux-gnu --target=x86_64-linux-gnu
Thread model: posix
gcc version 9.3.0 (Ubuntu 9.3.0-10ubuntu2) 
configure:3108: $? = 0
configure:3097: g++ -V >&5
g++: error: unrecognized command line option '-V'
g++: fatal error: no input files
compilation terminated.
configure:3108: $? = 1
configure:3097: g++ -qversion >&5
g++: error: unrecognized command line option '-qversion'; did you mean '--version'?
g++: fatal error: no input files
compilation terminated.
configure:3108: $? = 1
configure:3128: checking whether the C++ compiler works
configure:3150: g++    conftest.cpp  >&5
configure:3154: $? = 0
configure:3202: result: yes
configure:3205: checking for C++ compiler default output file name
configure:3207: result: a.out
configure:3213: checking for suffix of executables
configure:3220: g++ -o conftest    conftest.cpp  >&5
configure:3224: $? = 0
configure:3246: result: 
configure:3268: checking whether we are cross compiling
configure:3276: g++ -o conftest    conftest.cpp  >&5
configure:3280: $? = 0
configure:3287: ./conftest
configure:3291: $? = 0
configure:3279: result: no
configure:3284: checking for suffix of object files
configure:3306: g++ -c   conftest.cpp >&5
configure:3310: $? = 0
configure:3331: result: o
configure:3335: checking whether we are using the GNU C++ compiler
configure:3354: g++ -c   conftest.cpp >&5
configure:3354: $? = 0
configure:3363: result: yes
configure:3372: checking whether g++ accepts -g
configure:3392: g++ -c -g  conftest.cpp >&5
configure:3392: $? = 0
configure:3433: result: yes
configure:3459: checking whether make supports the include directive
configure:3474: make -f confmf.GNU && cat confinc.out
this is the am__doit target
configure:3477: $? = 0
configure:3496: result: yes (GNU style)
configure:3521: checking dependency style of g++
configure:3632: result: gcc3
configure:3695: checking for gcc
configure:3711: found /usr/bin/gcc
configure:3722: result: gcc
configure:3951: checking for C compiler version
configure:3960: gcc --version >&5
gcc (Ubuntu 9.3.0-10ubuntu2) 9.3.0
Copyright (C) 2019 Free Software Foundation, Inc.
This is free software; see the source for copying conditions.  There is NO
warranty; not even for MERCHANTABILITY or FITNESS FOR A PARTICULAR PURPOSE.

configure:3971: $? = 0
configure:3960: gcc -v >&5
Using built-in specs.
COLLECT_GCC=gcc
COLLECT_LTO_WRAPPER=/usr/lib/gcc/x86_64-linux-gnu/9/lto-wrapper
OFFLOAD_TARGET_NAMES=nvptx-none:hsa
OFFLOAD_TARGET_DEFAULT=1
Target: x86_64-linux-gnu
Configured with: ../src/configure -v --with-pkgversion='Ubuntu 9.3.0-10ubuntu2' --with-bugurl=file:///usr/share/doc/gcc-9/README.Bugs --enable-languages=c,ada,c++,go,brig,d,fortran,objc,obj-c++,gm2 --prefix=/usr --with-gcc-major-version-only --program-suffix=-9 --program-prefix=x86_64-linux-gnu- --enable-shared --enable-linker-build-id --libexecdir=/usr/lib --without-included-gettext --enable-threads=posix --libdir=/usr/lib --enable-nls --enable-clocale=gnu --enable-libstdcxx-debug --enable-libstdcxx-time=yes --with-default-libstdcxx-abi=new --enable-gnu-unique-object --disable-vtable-verify --enable-plugin --enable-default-pie --with-system-zlib --with-target-system-zlib=auto --enable-objc-gc=auto --enable-multiarch --disable-werror --with-arch-32=i686 --with-abi=m64 --with-multilib-list=m32,m64,mx32 --enable-multilib --with-tune=generic --enable-offload-targets=nvptx-none,hsa --without-cuda-driver --enable-checking=release --build=x86_64-linux-gnu --host=x86_64-linux-gnu --target=x86_64-linux-gnu
Thread model: posix
gcc version 9.3.0 (Ubuntu 9.3.0-10ubuntu2) 
configure:3971: $? = 0
configure:3960: gcc -V >&5
gcc: error: unrecognized command line option '-V'
gcc: fatal error: no input files
compilation terminated.
configure:3971: $? = 1
configure:3960: gcc -qversion >&5
gcc: error: unrecognized command line option '-qversion'; did you mean '--version'?
gcc: fatal error: no input files
compilation terminated.
configure:3971: $? = 1
configure:3975: checking whether we are using the GNU C compiler
configure:3994: gcc -c   conftest.c >&5
configure:3994: $? = 0
configure:4003: result: yes
configure:4012: checking whether gcc accepts -g
configure:4032: gcc -c -g  conftest.c >&5
configure:4032: $? = 0
configure:4073: result: yes
configure:4090: checking for gcc option to accept ISO C89
configure:4153: gcc  -c -g -O2  conftest.c >&5
configure:4153: $? = 0
configure:4166: result: none needed
configure:4191: checking whether gcc understands -c and -o together
configure:4213: gcc -c conftest.c -o conftest2.o
configure:4216: $? = 0
configure:4213: gcc -c conftest.c -o conftest2.o
configure:4216: $? = 0
configure:4228: result: yes
configure:4247: checking dependency style of gcc
configure:4358: result: gcc3
configure:4380: checking how to run the C preprocessor
configure:4411: gcc -E  conftest.c
configure:4411: $? = 0
configure:4425: gcc -E  conftest.c
conftest.c:11:10: fatal error: ac_nonexistent.h: No such file or directory
   11 | #include <ac_nonexistent.h>
      |          ^~~~~~~~~~~~~~~~~~
compilation terminated.
configure:4425: $? = 1
configure: failed program was:
| /* confdefs.h */
| #define PACKAGE_NAME "s3fs"
| #define PACKAGE_TARNAME "s3fs"
| #define PACKAGE_VERSION "1.86"
| #define PACKAGE_STRING "s3fs 1.86"
| #define PACKAGE_BUGREPORT ""
| #define PACKAGE_URL ""
| #define PACKAGE "s3fs"
| #define VERSION "1.86"
| /* end confdefs.h.  */
| #include <ac_nonexistent.h>
configure:4450: result: gcc -E
configure:4470: gcc -E  conftest.c
configure:4470: $? = 0
configure:4484: gcc -E  conftest.c
conftest.c:11:10: fatal error: ac_nonexistent.h: No such file or directory
   11 | #include <ac_nonexistent.h>
      |          ^~~~~~~~~~~~~~~~~~
compilation terminated.
configure:4484: $? = 1
configure: failed program was:
| /* confdefs.h */
| #define PACKAGE_NAME "s3fs"
| #define PACKAGE_TARNAME "s3fs"
| #define PACKAGE_VERSION "1.86"
| #define PACKAGE_STRING "s3fs 1.86"
| #define PACKAGE_BUGREPORT ""
| #define PACKAGE_URL ""
| #define PACKAGE "s3fs"
| #define VERSION "1.86"
| /* end confdefs.h.  */
| #include <ac_nonexistent.h>
configure:4513: checking for grep that handles long lines and -e
configure:4571: result: /usr/bin/grep
configure:4576: checking for egrep
configure:4638: result: /usr/bin/grep -E
configure:4643: checking for ANSI C header files
configure:4663: gcc -c -g -O2  conftest.c >&5
configure:4663: $? = 0
configure:4736: gcc -o conftest -g -O2   conftest.c  >&5
configure:4736: $? = 0
configure:4736: ./conftest
configure:4736: $? = 0
configure:4747: result: yes
configure:4760: checking for sys/types.h
configure:4760: gcc -c -g -O2  conftest.c >&5
configure:4760: $? = 0
configure:4760: result: yes
configure:4760: checking for sys/stat.h
configure:4760: gcc -c -g -O2  conftest.c >&5
configure:4760: $? = 0
configure:4760: result: yes
configure:4760: checking for stdlib.h
configure:4760: gcc -c -g -O2  conftest.c >&5
configure:4760: $? = 0
configure:4760: result: yes
configure:4760: checking for string.h
configure:4760: gcc -c -g -O2  conftest.c >&5
configure:4760: $? = 0
configure:4760: result: yes
configure:4760: checking for memory.h
configure:4760: gcc -c -g -O2  conftest.c >&5
configure:4760: $? = 0
configure:4760: result: yes
configure:4760: checking for strings.h
configure:4760: gcc -c -g -O2  conftest.c >&5
configure:4760: $? = 0
configure:4760: result: yes
configure:4760: checking for inttypes.h
configure:4760: gcc -c -g -O2  conftest.c >&5
configure:4760: $? = 0
configure:4760: result: yes
configure:4760: checking for stdint.h
configure:4760: gcc -c -g -O2  conftest.c >&5
configure:4760: $? = 0
configure:4760: result: yes
configure:4760: checking for unistd.h
configure:4760: gcc -c -g -O2  conftest.c >&5
configure:4760: $? = 0
configure:4760: result: yes
configure:4774: checking sys/xattr.h usability
configure:4774: gcc -c -g -O2  conftest.c >&5
configure:4774: $? = 0
configure:4774: result: yes
configure:4774: checking sys/xattr.h presence
configure:4774: gcc -E  conftest.c
configure:4774: $? = 0
configure:4774: result: yes
configure:4774: checking for sys/xattr.h
configure:4774: result: yes
configure:4786: checking attr/xattr.h usability
configure:4786: gcc -c -g -O2  conftest.c >&5
conftest.c:55:10: fatal error: attr/xattr.h: No such file or directory
   55 | #include <attr/xattr.h>
      |          ^~~~~~~~~~~~~~
compilation terminated.
configure:4786: $? = 1
configure: failed program was:
| /* confdefs.h */
| #define PACKAGE_NAME "s3fs"
| #define PACKAGE_TARNAME "s3fs"
| #define PACKAGE_VERSION "1.86"
| #define PACKAGE_STRING "s3fs 1.86"
| #define PACKAGE_BUGREPORT ""
| #define PACKAGE_URL ""
| #define PACKAGE "s3fs"
| #define VERSION "1.86"
| #define STDC_HEADERS 1
| #define HAVE_SYS_TYPES_H 1
| #define HAVE_SYS_STAT_H 1
| #define HAVE_STDLIB_H 1
| #define HAVE_STRING_H 1
| #define HAVE_MEMORY_H 1
| #define HAVE_STRINGS_H 1
| #define HAVE_INTTYPES_H 1
| #define HAVE_STDINT_H 1
| #define HAVE_UNISTD_H 1
| #define HAVE_SYS_XATTR_H 1
| /* end confdefs.h.  */
| #include <stdio.h>
| #ifdef HAVE_SYS_TYPES_H
| # include <sys/types.h>
| #endif
| #ifdef HAVE_SYS_STAT_H
| # include <sys/stat.h>
| #endif
| #ifdef STDC_HEADERS
| # include <stdlib.h>
| # include <stddef.h>
| #else
| # ifdef HAVE_STDLIB_H
| #  include <stdlib.h>
| # endif
| #endif
| #ifdef HAVE_STRING_H
| # if !defined STDC_HEADERS && defined HAVE_MEMORY_H
| #  include <memory.h>
| # endif
| # include <string.h>
| #endif
| #ifdef HAVE_STRINGS_H
| # include <strings.h>
| #endif
| #ifdef HAVE_INTTYPES_H
| # include <inttypes.h>
| #endif
| #ifdef HAVE_STDINT_H
| # include <stdint.h>
| #endif
| #ifdef HAVE_UNISTD_H
| # include <unistd.h>
| #endif
| #include <attr/xattr.h>
configure:4786: result: no
configure:4786: checking attr/xattr.h presence
configure:4786: gcc -E  conftest.c
conftest.c:22:10: fatal error: attr/xattr.h: No such file or directory
   22 | #include <attr/xattr.h>
      |          ^~~~~~~~~~~~~~
compilation terminated.
configure:4786: $? = 1
configure: failed program was:
| /* confdefs.h */
| #define PACKAGE_NAME "s3fs"
| #define PACKAGE_TARNAME "s3fs"
| #define PACKAGE_VERSION "1.86"
| #define PACKAGE_STRING "s3fs 1.86"
| #define PACKAGE_BUGREPORT ""
| #define PACKAGE_URL ""
| #define PACKAGE "s3fs"
| #define VERSION "1.86"
| #define STDC_HEADERS 1
| #define HAVE_SYS_TYPES_H 1
| #define HAVE_SYS_STAT_H 1
| #define HAVE_STDLIB_H 1
| #define HAVE_STRING_H 1
| #define HAVE_MEMORY_H 1
| #define HAVE_STRINGS_H 1
| #define HAVE_INTTYPES_H 1
| #define HAVE_STDINT_H 1
| #define HAVE_UNISTD_H 1
| #define HAVE_SYS_XATTR_H 1
| /* end confdefs.h.  */
| #include <attr/xattr.h>
configure:4786: result: no
configure:4786: checking for attr/xattr.h
configure:4786: result: no
configure:4798: checking sys/extattr.h usability
configure:4798: gcc -c -g -O2  conftest.c >&5
conftest.c:55:10: fatal error: sys/extattr.h: No such file or directory
   55 | #include <sys/extattr.h>
      |          ^~~~~~~~~~~~~~~
compilation terminated.
configure:4798: $? = 1
configure: failed program was:
| /* confdefs.h */
| #define PACKAGE_NAME "s3fs"
| #define PACKAGE_TARNAME "s3fs"
| #define PACKAGE_VERSION "1.86"
| #define PACKAGE_STRING "s3fs 1.86"
| #define PACKAGE_BUGREPORT ""
| #define PACKAGE_URL ""
| #define PACKAGE "s3fs"
| #define VERSION "1.86"
| #define STDC_HEADERS 1
| #define HAVE_SYS_TYPES_H 1
| #define HAVE_SYS_STAT_H 1
| #define HAVE_STDLIB_H 1
| #define HAVE_STRING_H 1
| #define HAVE_MEMORY_H 1
| #define HAVE_STRINGS_H 1
| #define HAVE_INTTYPES_H 1
| #define HAVE_STDINT_H 1
| #define HAVE_UNISTD_H 1
| #define HAVE_SYS_XATTR_H 1
| /* end confdefs.h.  */
| #include <stdio.h>
| #ifdef HAVE_SYS_TYPES_H
| # include <sys/types.h>
| #endif
| #ifdef HAVE_SYS_STAT_H
| # include <sys/stat.h>
| #endif
| #ifdef STDC_HEADERS
| # include <stdlib.h>
| # include <stddef.h>
| #else
| # ifdef HAVE_STDLIB_H
| #  include <stdlib.h>
| # endif
| #endif
| #ifdef HAVE_STRING_H
| # if !defined STDC_HEADERS && defined HAVE_MEMORY_H
| #  include <memory.h>
| # endif
| # include <string.h>
| #endif
| #ifdef HAVE_STRINGS_H
| # include <strings.h>
| #endif
| #ifdef HAVE_INTTYPES_H
| # include <inttypes.h>
| #endif
| #ifdef HAVE_STDINT_H
| # include <stdint.h>
| #endif
| #ifdef HAVE_UNISTD_H
| # include <unistd.h>
| #endif
| #include <sys/extattr.h>
configure:4798: result: no
configure:4798: checking sys/extattr.h presence
configure:4798: gcc -E  conftest.c
conftest.c:22:10: fatal error: sys/extattr.h: No such file or directory
   22 | #include <sys/extattr.h>
      |          ^~~~~~~~~~~~~~~
compilation terminated.
configure:4798: $? = 1
configure: failed program was:
| /* confdefs.h */
| #define PACKAGE_NAME "s3fs"
| #define PACKAGE_TARNAME "s3fs"
| #define PACKAGE_VERSION "1.86"
| #define PACKAGE_STRING "s3fs 1.86"
| #define PACKAGE_BUGREPORT ""
| #define PACKAGE_URL ""
| #define PACKAGE "s3fs"
| #define VERSION "1.86"
| #define STDC_HEADERS 1
| #define HAVE_SYS_TYPES_H 1
| #define HAVE_SYS_STAT_H 1
| #define HAVE_STDLIB_H 1
| #define HAVE_STRING_H 1
| #define HAVE_MEMORY_H 1
| #define HAVE_STRINGS_H 1
| #define HAVE_INTTYPES_H 1
| #define HAVE_STDINT_H 1
| #define HAVE_UNISTD_H 1
| #define HAVE_SYS_XATTR_H 1
| /* end confdefs.h.  */
| #include <sys/extattr.h>
configure:4798: result: no
configure:4798: checking for sys/extattr.h
configure:4798: result: no
configure:4831: checking s3fs build with nettle(GnuTLS)
configure:4851: result: no
configure:4857: checking s3fs build with OpenSSL
configure:4865: result: yes
configure:4887: checking s3fs build with GnuTLS
configure:4917: result: no
configure:4923: checking s3fs build with NSS
configure:4953: result: no
configure:5023: checking for pkg-config
configure:5041: found /usr/bin/pkg-config
configure:5053: result: /usr/bin/pkg-config
configure:5078: checking pkg-config is at least version 0.9.0
configure:5081: result: yes
configure:5091: checking for common_lib_checking
configure:5098: $PKG_CONFIG --exists --print-errors "fuse >= ${min_fuse_version} libcurl >= 7.0 libxml-2.0 >= 2.6 "
configure:5101: $? = 0
configure:5115: $PKG_CONFIG --exists --print-errors "fuse >= ${min_fuse_version} libcurl >= 7.0 libxml-2.0 >= 2.6 "
configure:5118: $? = 0
configure:5176: result: yes
configure:5181: checking compile s3fs with
configure:5185: result: OpenSSL
configure:5189: checking for DEPS
configure:5196: $PKG_CONFIG --exists --print-errors "fuse >= ${min_fuse_version} libcurl >= 7.0 libxml-2.0 >= 2.6 libcrypto >= 0.9 "
configure:5199: $? = 0
configure:5213: $PKG_CONFIG --exists --print-errors "fuse >= ${min_fuse_version} libcurl >= 7.0 libxml-2.0 >= 2.6 libcrypto >= 0.9 "
configure:5216: $? = 0
configure:5274: result: yes
configure:5792: checking for malloc_trim
configure:5792: gcc -o conftest -g -O2   conftest.c  >&5
configure:5792: $? = 0
configure:5792: result: yes
configure:5802: checking for library containing clock_gettime
configure:5833: gcc -o conftest -g -O2   conftest.c  >&5
configure:5833: $? = 0
configure:5850: result: none required
configure:5860: checking for clock_gettime
configure:5860: gcc -o conftest -g -O2   conftest.c  >&5
configure:5860: $? = 0
configure:5860: result: yes
configure:5870: checking pthread mutex recursive
configure:5884: gcc -c -g -O2  conftest.c >&5
configure:5884: $? = 0
configure:5888: result: PTHREAD_MUTEX_RECURSIVE
configure:5920: checking checking CURLOPT_TCP_KEEPALIVE
configure:5934: gcc -c -g -O2  conftest.c >&5
configure:5934: $? = 0
configure:5938: result: yes
configure:5952: checking checking CURLOPT_SSL_ENABLE_ALPN
configure:5966: gcc -c -g -O2  conftest.c >&5
configure:5966: $? = 0
configure:5970: result: yes
configure:5984: checking checking CURLOPT_KEEP_SENDING_ON_ERROR
configure:5998: gcc -c -g -O2  conftest.c >&5
configure:5998: $? = 0
configure:6002: result: yes
configure:6021: checking for git
configure:6037: found /usr/bin/git
configure:6049: result: yes
configure:6063: checking github short commit hash
configure:6072: result: unknown
configure:6182: checking that generated files are newer than configure
configure:6188: result: done
configure:6231: creating ./config.status

## ---------------------- ##
## Running config.status. ##
## ---------------------- ##

This file was extended by s3fs config.status 1.86, which was
generated by GNU Autoconf 2.69.  Invocation command line was

  CONFIG_FILES    = 
  CONFIG_HEADERS  = 
  CONFIG_LINKS    = 
  CONFIG_COMMANDS = 
  $ ./config.status 

on beatles

config.status:894: creating Makefile
config.status:894: creating src/Makefile
config.status:894: creating test/Makefile
config.status:894: creating doc/Makefile
config.status:894: creating config.h
config.status:1123: executing depfiles commands
config.status:1200: cd src       && sed -e '/# am--include-marker/d' Makefile         | make -f - am--depfiles
config.status:1205: $? = 0

## ---------------- ##
## Cache variables. ##
## ---------------- ##

ac_cv_build=x86_64-pc-linux-gnu
ac_cv_c_compiler_gnu=yes
ac_cv_cxx_compiler_gnu=yes
ac_cv_env_CCC_set=
ac_cv_env_CCC_value=
ac_cv_env_CC_set=
ac_cv_env_CC_value=
ac_cv_env_CFLAGS_set=
ac_cv_env_CFLAGS_value=
ac_cv_env_CPPFLAGS_set=
ac_cv_env_CPPFLAGS_value=
ac_cv_env_CPP_set=
ac_cv_env_CPP_value=
ac_cv_env_CXXFLAGS_set=
ac_cv_env_CXXFLAGS_value=
ac_cv_env_CXX_set=
ac_cv_env_CXX_value=
ac_cv_env_DEPS_CFLAGS_set=
ac_cv_env_DEPS_CFLAGS_value=
ac_cv_env_DEPS_LIBS_set=
ac_cv_env_DEPS_LIBS_value=
ac_cv_env_LDFLAGS_set=
ac_cv_env_LDFLAGS_value=
ac_cv_env_LIBS_set=
ac_cv_env_LIBS_value=
ac_cv_env_PKG_CONFIG_LIBDIR_set=
ac_cv_env_PKG_CONFIG_LIBDIR_value=
ac_cv_env_PKG_CONFIG_PATH_set=
ac_cv_env_PKG_CONFIG_PATH_value=
ac_cv_env_PKG_CONFIG_set=
ac_cv_env_PKG_CONFIG_value=
ac_cv_env_build_alias_set=
ac_cv_env_build_alias_value=
ac_cv_env_common_lib_checking_CFLAGS_set=
ac_cv_env_common_lib_checking_CFLAGS_value=
ac_cv_env_common_lib_checking_LIBS_set=
ac_cv_env_common_lib_checking_LIBS_value=
ac_cv_env_host_alias_set=
ac_cv_env_host_alias_value=
ac_cv_env_target_alias_set=
ac_cv_env_target_alias_value=
ac_cv_func_clock_gettime=yes
ac_cv_func_malloc_trim=yes
ac_cv_header_attr_xattr_h=no
ac_cv_header_inttypes_h=yes
ac_cv_header_memory_h=yes
ac_cv_header_stdc=yes
ac_cv_header_stdint_h=yes
ac_cv_header_stdlib_h=yes
ac_cv_header_string_h=yes
ac_cv_header_strings_h=yes
ac_cv_header_sys_extattr_h=no
ac_cv_header_sys_stat_h=yes
ac_cv_header_sys_types_h=yes
ac_cv_header_sys_xattr_h=yes
ac_cv_header_unistd_h=yes
ac_cv_host=x86_64-pc-linux-gnu
ac_cv_objext=o
ac_cv_path_EGREP='/usr/bin/grep -E'
ac_cv_path_GREP=/usr/bin/grep
ac_cv_path_ac_pt_PKG_CONFIG=/usr/bin/pkg-config
ac_cv_path_install='/usr/bin/install -c'
ac_cv_path_mkdir=/usr/bin/mkdir
ac_cv_prog_AWK=mawk
ac_cv_prog_CPP='gcc -E'
ac_cv_prog_GITCMD=yes
ac_cv_prog_ac_ct_CC=gcc
ac_cv_prog_ac_ct_CXX=g++
ac_cv_prog_cc_c89=
ac_cv_prog_cc_g=yes
ac_cv_prog_cxx_g=yes
ac_cv_prog_make_make_set=yes
ac_cv_search_clock_gettime='none required'
ac_cv_target=x86_64-pc-linux-gnu
am_cv_CC_dependencies_compiler_type=gcc3
am_cv_CXX_dependencies_compiler_type=gcc3
am_cv_make_support_nested_variables=yes
am_cv_prog_cc_c_o=yes
pkg_cv_DEPS_CFLAGS='-D_FILE_OFFSET_BITS=64 -I/usr/include/fuse -I/usr/include/x86_64-linux-gnu -I/usr/include/libxml2'
pkg_cv_DEPS_LIBS='-lfuse -pthread -lcurl -lxml2 -lcrypto'
pkg_cv_common_lib_checking_CFLAGS='-D_FILE_OFFSET_BITS=64 -I/usr/include/fuse -I/usr/include/x86_64-linux-gnu -I/usr/include/libxml2'
pkg_cv_common_lib_checking_LIBS='-lfuse -pthread -lcurl -lxml2'

## ----------------- ##
## Output variables. ##
## ----------------- ##

ACLOCAL='${SHELL} /home/luan/Devel/control/scripts/setup/s3/s3fs-fuse/missing aclocal-1.16'
AMDEPBACKSLASH='\'
AMDEP_FALSE='#'
AMDEP_TRUE=''
AMTAR='$${TAR-tar}'
AM_BACKSLASH='\'
AM_DEFAULT_V='$(AM_DEFAULT_VERBOSITY)'
AM_DEFAULT_VERBOSITY='1'
AM_V='$(V)'
AUTOCONF='${SHELL} /home/luan/Devel/control/scripts/setup/s3/s3fs-fuse/missing autoconf'
AUTOHEADER='${SHELL} /home/luan/Devel/control/scripts/setup/s3/s3fs-fuse/missing autoheader'
AUTOMAKE='${SHELL} /home/luan/Devel/control/scripts/setup/s3/s3fs-fuse/missing automake-1.16'
AWK='mawk'
CC='gcc'
CCDEPMODE='depmode=gcc3'
CFLAGS='-g -O2'
CPP='gcc -E'
CPPFLAGS=''
CXX='g++'
CXXDEPMODE='depmode=gcc3'
CXXFLAGS='-g -O2 -Wall -D_FILE_OFFSET_BITS=64 -D_FORTIFY_SOURCE=2'
CYGPATH_W='echo'
DEFS='-DHAVE_CONFIG_H'
DEPDIR='.deps'
DEPS_CFLAGS='-D_FILE_OFFSET_BITS=64 -I/usr/include/fuse -I/usr/include/x86_64-linux-gnu -I/usr/include/libxml2'
DEPS_LIBS='-lfuse -pthread -lcurl -lxml2 -lcrypto'
ECHO_C=''
ECHO_N='-n'
ECHO_T=''
EGREP='/usr/bin/grep -E'
EXEEXT=''
GITCMD='yes'
GREP='/usr/bin/grep'
INSTALL_DATA='${INSTALL} -m 644'
INSTALL_PROGRAM='${INSTALL}'
INSTALL_SCRIPT='${INSTALL}'
INSTALL_STRIP_PROGRAM='$(install_sh) -c -s'
LDFLAGS=''
LIBOBJS=''
LIBS=''
LTLIBOBJS=''
MAKEINFO='${SHELL} /home/luan/Devel/control/scripts/setup/s3/s3fs-fuse/missing makeinfo'
MKDIR_P='/usr/bin/mkdir -p'
OBJEXT='o'
PACKAGE='s3fs'
PACKAGE_BUGREPORT=''
PACKAGE_NAME='s3fs'
PACKAGE_STRING='s3fs 1.86'
PACKAGE_TARNAME='s3fs'
PACKAGE_URL=''
PACKAGE_VERSION='1.86'
PATH_SEPARATOR=':'
PKG_CONFIG='/usr/bin/pkg-config'
PKG_CONFIG_LIBDIR=''
PKG_CONFIG_PATH=''
SET_MAKE=''
SHELL='/bin/bash'
STRIP=''
USE_GNUTLS_NETTLE_FALSE=''
USE_GNUTLS_NETTLE_TRUE='#'
USE_SSL_GNUTLS_FALSE=''
USE_SSL_GNUTLS_TRUE='#'
USE_SSL_NSS_FALSE=''
USE_SSL_NSS_TRUE='#'
USE_SSL_OPENSSL_FALSE='#'
USE_SSL_OPENSSL_TRUE=''
VERSION='1.86'
ac_ct_CC='gcc'
ac_ct_CXX='g++'
am__EXEEXT_FALSE=''
am__EXEEXT_TRUE='#'
am__fastdepCC_FALSE='#'
am__fastdepCC_TRUE=''
am__fastdepCXX_FALSE='#'
am__fastdepCXX_TRUE=''
am__include='include'
am__isrc=''
am__leading_dot='.'
am__nodep='_no'
am__quote=''
am__tar='$${TAR-tar} chof - "$$tardir"'
am__untar='$${TAR-tar} xf -'
bindir='${exec_prefix}/bin'
build='x86_64-pc-linux-gnu'
build_alias=''
build_cpu='x86_64'
build_os='linux-gnu'
build_vendor='pc'
common_lib_checking_CFLAGS='-D_FILE_OFFSET_BITS=64 -I/usr/include/fuse -I/usr/include/x86_64-linux-gnu -I/usr/include/libxml2'
common_lib_checking_LIBS='-lfuse -pthread -lcurl -lxml2'
datadir='${datarootdir}'
datarootdir='${prefix}/share'
docdir='${datarootdir}/doc/${PACKAGE_TARNAME}'
dvidir='${docdir}'
exec_prefix='${prefix}'
host='x86_64-pc-linux-gnu'
host_alias=''
host_cpu='x86_64'
host_os='linux-gnu'
host_vendor='pc'
htmldir='${docdir}'
includedir='${prefix}/include'
infodir='${datarootdir}/info'
install_sh='${SHELL} /home/luan/Devel/control/scripts/setup/s3/s3fs-fuse/install-sh'
libdir='${exec_prefix}/lib'
libexecdir='${exec_prefix}/libexec'
localedir='${datarootdir}/locale'
localstatedir='${prefix}/var'
mandir='${datarootdir}/man'
mkdir_p='$(MKDIR_P)'
oldincludedir='/usr/include'
pdfdir='${docdir}'
prefix='/usr'
program_transform_name='s,x,x,'
psdir='${docdir}'
runstatedir='${localstatedir}/run'
sbindir='${exec_prefix}/sbin'
sharedstatedir='${prefix}/com'
sysconfdir='${prefix}/etc'
target='x86_64-pc-linux-gnu'
target_alias=''
target_cpu='x86_64'
target_os='linux-gnu'
target_vendor='pc'

## ----------- ##
## confdefs.h. ##
## ----------- ##

/* confdefs.h */
#define PACKAGE_NAME "s3fs"
#define PACKAGE_TARNAME "s3fs"
#define PACKAGE_VERSION "1.86"
#define PACKAGE_STRING "s3fs 1.86"
#define PACKAGE_BUGREPORT ""
#define PACKAGE_URL ""
#define PACKAGE "s3fs"
#define VERSION "1.86"
#define STDC_HEADERS 1
#define HAVE_SYS_TYPES_H 1
#define HAVE_SYS_STAT_H 1
#define HAVE_STDLIB_H 1
#define HAVE_STRING_H 1
#define HAVE_MEMORY_H 1
#define HAVE_STRINGS_H 1
#define HAVE_INTTYPES_H 1
#define HAVE_STDINT_H 1
#define HAVE_UNISTD_H 1
#define HAVE_SYS_XATTR_H 1
#define HAVE_MALLOC_TRIM 1
#define HAVE_CLOCK_GETTIME 1
#define S3FS_MUTEX_RECURSIVE PTHREAD_MUTEX_RECURSIVE
#define HAVE_CURLOPT_TCP_KEEPALIVE 1
#define HAVE_CURLOPT_SSL_ENABLE_ALPN 1
#define HAVE_CURLOPT_KEEP_SENDING_ON_ERROR 1
#define COMMIT_HASH_VAL "unknown"

configure: exit 0
